# JRE version: OpenJDK Runtime Environment (8.0_242-b01) (build 1.8.0_242-release-1644-b01)
# Java VM: OpenJDK 64-Bit Server VM (25.242-b01 mixed mode windows-amd64 compressed oops)
Heap:
 PSYoungGen      total 376320K, used 93462K [0x00000000d5580000, 0x00000000f7780000, 0x0000000100000000)
  eden space 336384K, 25% used [0x00000000d5580000,0x00000000daa4da78,0x00000000e9e00000)
  from space 39936K, 16% used [0x00000000ecd80000,0x00000000ed3f7e78,0x00000000ef480000)
  to   space 48640K, 0% used [0x00000000e9e00000,0x00000000e9e00000,0x00000000ecd80000)
 ParOldGen       total 128000K, used 94586K [0x0000000080000000, 0x0000000087d00000, 0x00000000d5580000)
  object space 128000K, 73% used [0x0000000080000000,0x0000000085c5ebc0,0x0000000087d00000)
 Metaspace       used 73245K, capacity 77592K, committed 78000K, reserved 1116160K
  class space    used 10026K, capacity 10834K, committed 10928K, reserved 1048576K
GC Heap History (10 events):
Event: 88.391 GC heap before
{Heap before GC invocations=13 (full 3):
 PSYoungGen      total 235520K, used 214528K [0x00000000d5580000, 0x00000000e9880000, 0x0000000100000000)
  eden space 214528K, 100% used [0x00000000d5580000,0x00000000e2700000,0x00000000e2700000)
  from space 20992K, 0% used [0x00000000e2700000,0x00000000e2700000,0x00000000e3b80000)
  to   space 26624K, 0% used [0x00000000e7e80000,0x00000000e7e80000,0x00000000e9880000)
 ParOldGen       total 128000K, used 39016K [0x0000000080000000, 0x0000000087d00000, 0x00000000d5580000)
  object space 128000K, 30% used [0x0000000080000000,0x000000008261a2a8,0x0000000087d00000)
 Metaspace       used 62322K, capacity 65146K, committed 65328K, reserved 1105920K
  class space    used 8562K, capacity 9161K, committed 9264K, reserved 1048576K
Event: 88.499 GC heap after
Heap after GC invocations=13 (full 3):
 PSYoungGen      total 296960K, used 22310K [0x00000000d5580000, 0x00000000e9780000, 0x0000000100000000)
  eden space 271360K, 0% used [0x00000000d5580000,0x00000000d5580000,0x00000000e5e80000)
  from space 25600K, 87% used [0x00000000e7e80000,0x00000000e9449990,0x00000000e9780000)
  to   space 29184K, 0% used [0x00000000e5e80000,0x00000000e5e80000,0x00000000e7b00000)
 ParOldGen       total 128000K, used 39024K [0x0000000080000000, 0x0000000087d00000, 0x00000000d5580000)
  object space 128000K, 30% used [0x0000000080000000,0x000000008261c2a8,0x0000000087d00000)
 Metaspace       used 62322K, capacity 65146K, committed 65328K, reserved 1105920K
  class space    used 8562K, capacity 9161K, committed 9264K, reserved 1048576K
}
Event: 95.397 GC heap before
{Heap before GC invocations=14 (full 3):
 PSYoungGen      total 296960K, used 293670K [0x00000000d5580000, 0x00000000e9780000, 0x0000000100000000)
  eden space 271360K, 100% used [0x00000000d5580000,0x00000000e5e80000,0x00000000e5e80000)
  from space 25600K, 87% used [0x00000000e7e80000,0x00000000e9449990,0x00000000e9780000)
  to   space 29184K, 0% used [0x00000000e5e80000,0x00000000e5e80000,0x00000000e7b00000)
 ParOldGen       total 128000K, used 39024K [0x0000000080000000, 0x0000000087d00000, 0x00000000d5580000)
  object space 128000K, 30% used [0x0000000080000000,0x000000008261c2a8,0x0000000087d00000)
 Metaspace       used 65994K, capacity 69360K, committed 69424K, reserved 1110016K
  class space    used 9091K, capacity 9772K, committed 9776K, reserved 1048576K
Event: 95.578 GC heap after
Heap after GC invocations=14 (full 3):
 PSYoungGen      total 300544K, used 29181K [0x00000000d5580000, 0x00000000ef480000, 0x0000000100000000)
  eden space 271360K, 0% used [0x00000000d5580000,0x00000000d5580000,0x00000000e5e80000)
  from space 29184K, 99% used [0x00000000e5e80000,0x00000000e7aff580,0x00000000e7b00000)
  to   space 39936K, 0% used [0x00000000ecd80000,0x00000000ecd80000,0x00000000ef480000)
 ParOldGen       total 128000K, used 55943K [0x0000000080000000, 0x0000000087d00000, 0x00000000d5580000)
  object space 128000K, 43% used [0x0000000080000000,0x00000000836a1cb0,0x0000000087d00000)
 Metaspace       used 65994K, capacity 69360K, committed 69424K, reserved 1110016K
  class space    used 9091K, capacity 9772K, committed 9776K, reserved 1048576K
}
Event: 109.137 GC heap before
{Heap before GC invocations=15 (full 3):
 PSYoungGen      total 300544K, used 300541K [0x00000000d5580000, 0x00000000ef480000, 0x0000000100000000)
  eden space 271360K, 100% used [0x00000000d5580000,0x00000000e5e80000,0x00000000e5e80000)
  from space 29184K, 99% used [0x00000000e5e80000,0x00000000e7aff580,0x00000000e7b00000)
  to   space 39936K, 0% used [0x00000000ecd80000,0x00000000ecd80000,0x00000000ef480000)
 ParOldGen       total 128000K, used 55943K [0x0000000080000000, 0x0000000087d00000, 0x00000000d5580000)
  object space 128000K, 43% used [0x0000000080000000,0x00000000836a1cb0,0x0000000087d00000)
 Metaspace       used 72751K, capacity 77004K, committed 77232K, reserved 1116160K
  class space    used 9991K, capacity 10804K, committed 10928K, reserved 1048576K
Event: 111.407 GC heap after
Heap after GC invocations=15 (full 3):
 PSYoungGen      total 376320K, used 39905K [0x00000000d5580000, 0x00000000f2700000, 0x0000000100000000)
  eden space 336384K, 0% used [0x00000000d5580000,0x00000000d5580000,0x00000000e9e00000)
  from space 39936K, 99% used [0x00000000ecd80000,0x00000000ef4785a8,0x00000000ef480000)
  to   space 48640K, 0% used [0x00000000e9e00000,0x00000000e9e00000,0x00000000ecd80000)
 ParOldGen       total 128000K, used 62086K [0x0000000080000000, 0x0000000087d00000, 0x00000000d5580000)
  object space 128000K, 48% used [0x0000000080000000,0x0000000083ca1960,0x0000000087d00000)
 Metaspace       used 72751K, capacity 77004K, committed 77232K, reserved 1116160K
  class space    used 9991K, capacity 10804K, committed 10928K, reserved 1048576K
}
Event: 121.791 GC heap before
{Heap before GC invocations=16 (full 3):
 PSYoungGen      total 376320K, used 376289K [0x00000000d5580000, 0x00000000f2700000, 0x0000000100000000)
  eden space 336384K, 100% used [0x00000000d5580000,0x00000000e9e00000,0x00000000e9e00000)
  from space 39936K, 99% used [0x00000000ecd80000,0x00000000ef4785a8,0x00000000ef480000)
  to   space 48640K, 0% used [0x00000000e9e00000,0x00000000e9e00000,0x00000000ecd80000)
 ParOldGen       total 128000K, used 62086K [0x0000000080000000, 0x0000000087d00000, 0x00000000d5580000)
  object space 128000K, 48% used [0x0000000080000000,0x0000000083ca1960,0x0000000087d00000)
 Metaspace       used 73051K, capacity 77422K, committed 77744K, reserved 1116160K
  class space    used 10018K, capacity 10831K, committed 10928K, reserved 1048576K
Event: 122.240 GC heap after
Heap after GC invocations=16 (full 3):
 PSYoungGen      total 385024K, used 28324K [0x00000000d5580000, 0x00000000f2700000, 0x0000000100000000)
  eden space 336384K, 0% used [0x00000000d5580000,0x00000000d5580000,0x00000000e9e00000)
  from space 48640K, 58% used [0x00000000e9e00000,0x00000000eb9a9008,0x00000000ecd80000)
  to   space 39936K, 0% used [0x00000000ecd80000,0x00000000ecd80000,0x00000000ef480000)
 ParOldGen       total 128000K, used 73703K [0x0000000080000000, 0x0000000087d00000, 0x00000000d5580000)
  object space 128000K, 57% used [0x0000000080000000,0x00000000847f9fe0,0x0000000087d00000)
 Metaspace       used 73051K, capacity 77422K, committed 77744K, reserved 1116160K
  class space    used 10018K, capacity 10831K, committed 10928K, reserved 1048576K
}
Event: 132.224 GC heap before
{Heap before GC invocations=17 (full 3):
 PSYoungGen      total 385024K, used 364708K [0x00000000d5580000, 0x00000000f2700000, 0x0000000100000000)
  eden space 336384K, 100% used [0x00000000d5580000,0x00000000e9e00000,0x00000000e9e00000)
  from space 48640K, 58% used [0x00000000e9e00000,0x00000000eb9a9008,0x00000000ecd80000)
  to   space 39936K, 0% used [0x00000000ecd80000,0x00000000ecd80000,0x00000000ef480000)
 ParOldGen       total 128000K, used 73703K [0x0000000080000000, 0x0000000087d00000, 0x00000000d5580000)
  object space 128000K, 57% used [0x0000000080000000,0x00000000847f9fe0,0x0000000087d00000)
 Metaspace       used 73230K, capacity 77592K, committed 77744K, reserved 1116160K
  class space    used 10025K, capacity 10834K, committed 10928K, reserved 1048576K
Event: 132.495 GC heap after
Heap after GC invocations=17 (full 3):
 PSYoungGen      total 376320K, used 6623K [0x00000000d5580000, 0x00000000f7780000, 0x0000000100000000)
  eden space 336384K, 0% used [0x00000000d5580000,0x00000000d5580000,0x00000000e9e00000)
  from space 39936K, 16% used [0x00000000ecd80000,0x00000000ed3f7e78,0x00000000ef480000)
  to   space 48640K, 0% used [0x00000000e9e00000,0x00000000e9e00000,0x00000000ecd80000)
 ParOldGen       total 128000K, used 94586K [0x0000000080000000, 0x0000000087d00000, 0x00000000d5580000)
  object space 128000K, 73% used [0x0000000080000000,0x0000000085c5ebc0,0x0000000087d00000)
 Metaspace       used 73230K, capacity 77592K, committed 77744K, reserved 1116160K
  class space    used 10025K, capacity 10834K, committed 10928K, reserved 1048576K
}

