# JRE version: OpenJDK Runtime Environment (8.0_242-b01) (build 1.8.0_242-release-1644-b01)
# Java VM: OpenJDK 64-Bit Server VM (25.242-b01 mixed mode windows-amd64 compressed oops)
Heap:
 PSYoungGen      total 350208K, used 122752K [0x00000000d5580000, 0x00000000eed00000, 0x0000000100000000)
  eden space 291840K, 35% used [0x00000000d5580000,0x00000000db9d84a8,0x00000000e7280000)
  from space 58368K, 34% used [0x00000000e7280000,0x00000000e8607cb8,0x00000000eab80000)
  to   space 58880K, 0% used [0x00000000eab80000,0x00000000eab80000,0x00000000ee500000)
 ParOldGen       total 248320K, used 95543K [0x0000000080000000, 0x000000008f280000, 0x00000000d5580000)
  object space 248320K, 38% used [0x0000000080000000,0x0000000085d4dea8,0x000000008f280000)
 Metaspace       used 116489K, capacity 121572K, committed 121752K, reserved 1155072K
  class space    used 14895K, capacity 15958K, committed 16024K, reserved 1048576K
GC Heap History (10 events):
Event: 118.035 GC heap before
{Heap before GC invocations=24 (full 5):
 PSYoungGen      total 302080K, used 274812K [0x00000000d5580000, 0x00000000eb480000, 0x0000000100000000)
  eden space 267264K, 100% used [0x00000000d5580000,0x00000000e5a80000,0x00000000e5a80000)
  from space 34816K, 21% used [0x00000000e5a80000,0x00000000e61df358,0x00000000e7c80000)
  to   space 33792K, 0% used [0x00000000e9380000,0x00000000e9380000,0x00000000eb480000)
 ParOldGen       total 179712K, used 77202K [0x0000000080000000, 0x000000008af80000, 0x00000000d5580000)
  object space 179712K, 42% used [0x0000000080000000,0x0000000084b64818,0x000000008af80000)
 Metaspace       used 103280K, capacity 107366K, committed 107672K, reserved 1142784K
  class space    used 13237K, capacity 14127K, committed 14232K, reserved 1048576K
Event: 118.142 GC heap after
Heap after GC invocations=24 (full 5):
 PSYoungGen      total 300032K, used 33777K [0x00000000d5580000, 0x00000000ee600000, 0x0000000100000000)
  eden space 266240K, 0% used [0x00000000d5580000,0x00000000d5580000,0x00000000e5980000)
  from space 33792K, 99% used [0x00000000e9380000,0x00000000eb47c490,0x00000000eb480000)
  to   space 59392K, 0% used [0x00000000e5980000,0x00000000e5980000,0x00000000e9380000)
 ParOldGen       total 179712K, used 131549K [0x0000000080000000, 0x000000008af80000, 0x00000000d5580000)
  object space 179712K, 73% used [0x0000000080000000,0x00000000880775f8,0x000000008af80000)
 Metaspace       used 103280K, capacity 107366K, committed 107672K, reserved 1142784K
  class space    used 13237K, capacity 14127K, committed 14232K, reserved 1048576K
}
Event: 123.199 GC heap before
{Heap before GC invocations=25 (full 5):
 PSYoungGen      total 300032K, used 300017K [0x00000000d5580000, 0x00000000ee600000, 0x0000000100000000)
  eden space 266240K, 100% used [0x00000000d5580000,0x00000000e5980000,0x00000000e5980000)
  from space 33792K, 99% used [0x00000000e9380000,0x00000000eb47c490,0x00000000eb480000)
  to   space 59392K, 0% used [0x00000000e5980000,0x00000000e5980000,0x00000000e9380000)
 ParOldGen       total 179712K, used 131549K [0x0000000080000000, 0x000000008af80000, 0x00000000d5580000)
  object space 179712K, 73% used [0x0000000080000000,0x00000000880775f8,0x000000008af80000)
 Metaspace       used 105995K, capacity 110052K, committed 110488K, reserved 1144832K
  class space    used 13476K, capacity 14348K, committed 14488K, reserved 1048576K
Event: 123.302 GC heap after
Heap after GC invocations=25 (full 5):
 PSYoungGen      total 325632K, used 30437K [0x00000000d5580000, 0x00000000ee500000, 0x0000000100000000)
  eden space 266240K, 0% used [0x00000000d5580000,0x00000000d5580000,0x00000000e5980000)
  from space 59392K, 51% used [0x00000000e5980000,0x00000000e7739708,0x00000000e9380000)
  to   space 58880K, 0% used [0x00000000eab80000,0x00000000eab80000,0x00000000ee500000)
 ParOldGen       total 179712K, used 158415K [0x0000000080000000, 0x000000008af80000, 0x00000000d5580000)
  object space 179712K, 88% used [0x0000000080000000,0x0000000089ab3e70,0x000000008af80000)
 Metaspace       used 105995K, capacity 110052K, committed 110488K, reserved 1144832K
  class space    used 13476K, capacity 14348K, committed 14488K, reserved 1048576K
}
Event: 123.302 GC heap before
{Heap before GC invocations=26 (full 6):
 PSYoungGen      total 325632K, used 30437K [0x00000000d5580000, 0x00000000ee500000, 0x0000000100000000)
  eden space 266240K, 0% used [0x00000000d5580000,0x00000000d5580000,0x00000000e5980000)
  from space 59392K, 51% used [0x00000000e5980000,0x00000000e7739708,0x00000000e9380000)
  to   space 58880K, 0% used [0x00000000eab80000,0x00000000eab80000,0x00000000ee500000)
 ParOldGen       total 179712K, used 158415K [0x0000000080000000, 0x000000008af80000, 0x00000000d5580000)
  object space 179712K, 88% used [0x0000000080000000,0x0000000089ab3e70,0x000000008af80000)
 Metaspace       used 105995K, capacity 110052K, committed 110488K, reserved 1144832K
  class space    used 13476K, capacity 14348K, committed 14488K, reserved 1048576K
Event: 124.348 GC heap after
Heap after GC invocations=26 (full 6):
 PSYoungGen      total 325632K, used 0K [0x00000000d5580000, 0x00000000ee500000, 0x0000000100000000)
  eden space 266240K, 0% used [0x00000000d5580000,0x00000000d5580000,0x00000000e5980000)
  from space 59392K, 0% used [0x00000000e5980000,0x00000000e5980000,0x00000000e9380000)
  to   space 58880K, 0% used [0x00000000eab80000,0x00000000eab80000,0x00000000ee500000)
 ParOldGen       total 248320K, used 95527K [0x0000000080000000, 0x000000008f280000, 0x00000000d5580000)
  object space 248320K, 38% used [0x0000000080000000,0x0000000085d49ea8,0x000000008f280000)
 Metaspace       used 105970K, capacity 109970K, committed 110488K, reserved 1144832K
  class space    used 13467K, capacity 14333K, committed 14488K, reserved 1048576K
}
Event: 128.205 GC heap before
{Heap before GC invocations=27 (full 6):
 PSYoungGen      total 325632K, used 266240K [0x00000000d5580000, 0x00000000ee500000, 0x0000000100000000)
  eden space 266240K, 100% used [0x00000000d5580000,0x00000000e5980000,0x00000000e5980000)
  from space 59392K, 0% used [0x00000000e5980000,0x00000000e5980000,0x00000000e9380000)
  to   space 58880K, 0% used [0x00000000eab80000,0x00000000eab80000,0x00000000ee500000)
 ParOldGen       total 248320K, used 95527K [0x0000000080000000, 0x000000008f280000, 0x00000000d5580000)
  object space 248320K, 38% used [0x0000000080000000,0x0000000085d49ea8,0x000000008f280000)
 Metaspace       used 114932K, capacity 119798K, committed 120088K, reserved 1153024K
  class space    used 14760K, capacity 15771K, committed 15896K, reserved 1048576K
Event: 128.453 GC heap after
Heap after GC invocations=27 (full 6):
 PSYoungGen      total 350720K, used 30804K [0x00000000d5580000, 0x00000000eed00000, 0x0000000100000000)
  eden space 291840K, 0% used [0x00000000d5580000,0x00000000d5580000,0x00000000e7280000)
  from space 58880K, 52% used [0x00000000eab80000,0x00000000ec995198,0x00000000ee500000)
  to   space 58368K, 0% used [0x00000000e7280000,0x00000000e7280000,0x00000000eab80000)
 ParOldGen       total 248320K, used 95535K [0x0000000080000000, 0x000000008f280000, 0x00000000d5580000)
  object space 248320K, 38% used [0x0000000080000000,0x0000000085d4bea8,0x000000008f280000)
 Metaspace       used 114932K, capacity 119798K, committed 120088K, reserved 1153024K
  class space    used 14760K, capacity 15771K, committed 15896K, reserved 1048576K
}
Event: 131.229 GC heap before
{Heap before GC invocations=28 (full 6):
 PSYoungGen      total 350720K, used 322644K [0x00000000d5580000, 0x00000000eed00000, 0x0000000100000000)
  eden space 291840K, 100% used [0x00000000d5580000,0x00000000e7280000,0x00000000e7280000)
  from space 58880K, 52% used [0x00000000eab80000,0x00000000ec995198,0x00000000ee500000)
  to   space 58368K, 0% used [0x00000000e7280000,0x00000000e7280000,0x00000000eab80000)
 ParOldGen       total 248320K, used 95535K [0x0000000080000000, 0x000000008f280000, 0x00000000d5580000)
  object space 248320K, 38% used [0x0000000080000000,0x0000000085d4bea8,0x000000008f280000)
 Metaspace       used 116084K, capacity 121146K, committed 121368K, reserved 1155072K
  class space    used 14839K, capacity 15871K, committed 15896K, reserved 1048576K
Event: 131.271 GC heap after
Heap after GC invocations=28 (full 6):
 PSYoungGen      total 350208K, used 19999K [0x00000000d5580000, 0x00000000eed00000, 0x0000000100000000)
  eden space 291840K, 0% used [0x00000000d5580000,0x00000000d5580000,0x00000000e7280000)
  from space 58368K, 34% used [0x00000000e7280000,0x00000000e8607cb8,0x00000000eab80000)
  to   space 58880K, 0% used [0x00000000eab80000,0x00000000eab80000,0x00000000ee500000)
 ParOldGen       total 248320K, used 95543K [0x0000000080000000, 0x000000008f280000, 0x00000000d5580000)
  object space 248320K, 38% used [0x0000000080000000,0x0000000085d4dea8,0x000000008f280000)
 Metaspace       used 116084K, capacity 121146K, committed 121368K, reserved 1155072K
  class space    used 14839K, capacity 15871K, committed 15896K, reserved 1048576K
}

