# JRE version: OpenJDK Runtime Environment (8.0_242-b01) (build 1.8.0_242-release-1644-b01)
# Java VM: OpenJDK 64-Bit Server VM (25.242-b01 mixed mode windows-amd64 compressed oops)
Heap:
 PSYoungGen      total 205824K, used 160040K [0x00000000d5580000, 0x00000000e5a00000, 0x0000000100000000)
  eden space 160256K, 77% used [0x00000000d5580000,0x00000000dce93420,0x00000000df200000)
  from space 45568K, 79% used [0x00000000e2d80000,0x00000000e50b6ed0,0x00000000e5a00000)
  to   space 36352K, 0% used [0x00000000df200000,0x00000000df200000,0x00000000e1580000)
 ParOldGen       total 181760K, used 123549K [0x0000000080000000, 0x000000008b180000, 0x00000000d5580000)
  object space 181760K, 67% used [0x0000000080000000,0x00000000878a7420,0x000000008b180000)
 Metaspace       used 95423K, capacity 99478K, committed 99736K, reserved 1136640K
  class space    used 12314K, capacity 13171K, committed 13224K, reserved 1048576K
GC Heap History (10 events):
Event: 1651.524 GC heap before
{Heap before GC invocations=28 (full 4):
 PSYoungGen      total 157696K, used 157673K [0x00000000d5580000, 0x00000000e2f80000, 0x0000000100000000)
  eden space 131072K, 100% used [0x00000000d5580000,0x00000000dd580000,0x00000000dd580000)
  from space 26624K, 99% used [0x00000000dd580000,0x00000000def7a7c8,0x00000000def80000)
  to   space 38912K, 0% used [0x00000000e0980000,0x00000000e0980000,0x00000000e2f80000)
 ParOldGen       total 181760K, used 92351K [0x0000000080000000, 0x000000008b180000, 0x00000000d5580000)
  object space 181760K, 50% used [0x0000000080000000,0x0000000085a2fe50,0x000000008b180000)
 Metaspace       used 90736K, capacity 94554K, committed 94744K, reserved 1130496K
  class space    used 11893K, capacity 12725K, committed 12840K, reserved 1048576K
Event: 1651.577 GC heap after
Heap after GC invocations=28 (full 4):
 PSYoungGen      total 185856K, used 10707K [0x00000000d5580000, 0x00000000e3180000, 0x0000000100000000)
  eden space 146944K, 0% used [0x00000000d5580000,0x00000000d5580000,0x00000000de500000)
  from space 38912K, 27% used [0x00000000e0980000,0x00000000e13f4eb0,0x00000000e2f80000)
  to   space 37376K, 0% used [0x00000000de500000,0x00000000de500000,0x00000000e0980000)
 ParOldGen       total 181760K, used 107200K [0x0000000080000000, 0x000000008b180000, 0x00000000d5580000)
  object space 181760K, 58% used [0x0000000080000000,0x00000000868b0058,0x000000008b180000)
 Metaspace       used 90736K, capacity 94554K, committed 94744K, reserved 1130496K
  class space    used 11893K, capacity 12725K, committed 12840K, reserved 1048576K
}
Event: 1662.871 GC heap before
{Heap before GC invocations=29 (full 4):
 PSYoungGen      total 185856K, used 157651K [0x00000000d5580000, 0x00000000e3180000, 0x0000000100000000)
  eden space 146944K, 100% used [0x00000000d5580000,0x00000000de500000,0x00000000de500000)
  from space 38912K, 27% used [0x00000000e0980000,0x00000000e13f4eb0,0x00000000e2f80000)
  to   space 37376K, 0% used [0x00000000de500000,0x00000000de500000,0x00000000e0980000)
 ParOldGen       total 181760K, used 107200K [0x0000000080000000, 0x000000008b180000, 0x00000000d5580000)
  object space 181760K, 58% used [0x0000000080000000,0x00000000868b0058,0x000000008b180000)
 Metaspace       used 92202K, capacity 96214K, committed 96408K, reserved 1132544K
  class space    used 12029K, capacity 12871K, committed 12968K, reserved 1048576K
Event: 1662.907 GC heap after
Heap after GC invocations=29 (full 4):
 PSYoungGen      total 184320K, used 18705K [0x00000000d5580000, 0x00000000e3a00000, 0x0000000100000000)
  eden space 146944K, 0% used [0x00000000d5580000,0x00000000d5580000,0x00000000de500000)
  from space 37376K, 50% used [0x00000000de500000,0x00000000df7445d8,0x00000000e0980000)
  to   space 36352K, 0% used [0x00000000e1680000,0x00000000e1680000,0x00000000e3a00000)
 ParOldGen       total 181760K, used 107208K [0x0000000080000000, 0x000000008b180000, 0x00000000d5580000)
  object space 181760K, 58% used [0x0000000080000000,0x00000000868b2058,0x000000008b180000)
 Metaspace       used 92202K, capacity 96214K, committed 96408K, reserved 1132544K
  class space    used 12029K, capacity 12871K, committed 12968K, reserved 1048576K
}
Event: 1666.897 GC heap before
{Heap before GC invocations=30 (full 4):
 PSYoungGen      total 184320K, used 165649K [0x00000000d5580000, 0x00000000e3a00000, 0x0000000100000000)
  eden space 146944K, 100% used [0x00000000d5580000,0x00000000de500000,0x00000000de500000)
  from space 37376K, 50% used [0x00000000de500000,0x00000000df7445d8,0x00000000e0980000)
  to   space 36352K, 0% used [0x00000000e1680000,0x00000000e1680000,0x00000000e3a00000)
 ParOldGen       total 181760K, used 107208K [0x0000000080000000, 0x000000008b180000, 0x00000000d5580000)
  object space 181760K, 58% used [0x0000000080000000,0x00000000868b2058,0x000000008b180000)
 Metaspace       used 92297K, capacity 96232K, committed 96408K, reserved 1132544K
  class space    used 12031K, capacity 12874K, committed 12968K, reserved 1048576K
Event: 1666.928 GC heap after
Heap after GC invocations=30 (full 4):
 PSYoungGen      total 195584K, used 21499K [0x00000000d5580000, 0x00000000e3900000, 0x0000000100000000)
  eden space 160256K, 0% used [0x00000000d5580000,0x00000000d5580000,0x00000000df200000)
  from space 35328K, 60% used [0x00000000e1680000,0x00000000e2b7ee08,0x00000000e3900000)
  to   space 36352K, 0% used [0x00000000df200000,0x00000000df200000,0x00000000e1580000)
 ParOldGen       total 181760K, used 107216K [0x0000000080000000, 0x000000008b180000, 0x00000000d5580000)
  object space 181760K, 58% used [0x0000000080000000,0x00000000868b4058,0x000000008b180000)
 Metaspace       used 92297K, capacity 96232K, committed 96408K, reserved 1132544K
  class space    used 12031K, capacity 12874K, committed 12968K, reserved 1048576K
}
Event: 1670.756 GC heap before
{Heap before GC invocations=31 (full 4):
 PSYoungGen      total 195584K, used 181755K [0x00000000d5580000, 0x00000000e3900000, 0x0000000100000000)
  eden space 160256K, 100% used [0x00000000d5580000,0x00000000df200000,0x00000000df200000)
  from space 35328K, 60% used [0x00000000e1680000,0x00000000e2b7ee08,0x00000000e3900000)
  to   space 36352K, 0% used [0x00000000df200000,0x00000000df200000,0x00000000e1580000)
 ParOldGen       total 181760K, used 107216K [0x0000000080000000, 0x000000008b180000, 0x00000000d5580000)
  object space 181760K, 58% used [0x0000000080000000,0x00000000868b4058,0x000000008b180000)
 Metaspace       used 92914K, capacity 96912K, committed 97176K, reserved 1134592K
  class space    used 12065K, capacity 12928K, committed 12968K, reserved 1048576K
Event: 1670.816 GC heap after
Heap after GC invocations=31 (full 4):
 PSYoungGen      total 196608K, used 36334K [0x00000000d5580000, 0x00000000e5a00000, 0x0000000100000000)
  eden space 160256K, 0% used [0x00000000d5580000,0x00000000d5580000,0x00000000df200000)
  from space 36352K, 99% used [0x00000000df200000,0x00000000e157b9a8,0x00000000e1580000)
  to   space 45568K, 0% used [0x00000000e2d80000,0x00000000e2d80000,0x00000000e5a00000)
 ParOldGen       total 181760K, used 116687K [0x0000000080000000, 0x000000008b180000, 0x00000000d5580000)
  object space 181760K, 64% used [0x0000000080000000,0x00000000871f3c60,0x000000008b180000)
 Metaspace       used 92914K, capacity 96912K, committed 97176K, reserved 1134592K
  class space    used 12065K, capacity 12928K, committed 12968K, reserved 1048576K
}
Event: 1673.637 GC heap before
{Heap before GC invocations=32 (full 4):
 PSYoungGen      total 196608K, used 196590K [0x00000000d5580000, 0x00000000e5a00000, 0x0000000100000000)
  eden space 160256K, 100% used [0x00000000d5580000,0x00000000df200000,0x00000000df200000)
  from space 36352K, 99% used [0x00000000df200000,0x00000000e157b9a8,0x00000000e1580000)
  to   space 45568K, 0% used [0x00000000e2d80000,0x00000000e2d80000,0x00000000e5a00000)
 ParOldGen       total 181760K, used 116687K [0x0000000080000000, 0x000000008b180000, 0x00000000d5580000)
  object space 181760K, 64% used [0x0000000080000000,0x00000000871f3c60,0x000000008b180000)
 Metaspace       used 95286K, capacity 99310K, committed 99480K, reserved 1136640K
  class space    used 12303K, capacity 13127K, committed 13224K, reserved 1048576K
Event: 1673.707 GC heap after
Heap after GC invocations=32 (full 4):
 PSYoungGen      total 205824K, used 36059K [0x00000000d5580000, 0x00000000e5a00000, 0x0000000100000000)
  eden space 160256K, 0% used [0x00000000d5580000,0x00000000d5580000,0x00000000df200000)
  from space 45568K, 79% used [0x00000000e2d80000,0x00000000e50b6ed0,0x00000000e5a00000)
  to   space 36352K, 0% used [0x00000000df200000,0x00000000df200000,0x00000000e1580000)
 ParOldGen       total 181760K, used 123549K [0x0000000080000000, 0x000000008b180000, 0x00000000d5580000)
  object space 181760K, 67% used [0x0000000080000000,0x00000000878a7420,0x000000008b180000)
 Metaspace       used 95286K, capacity 99310K, committed 99480K, reserved 1136640K
  class space    used 12303K, capacity 13127K, committed 13224K, reserved 1048576K
}

