# JRE version: OpenJDK Runtime Environment (8.0_242-b01) (build 1.8.0_242-release-1644-b01)
# Java VM: OpenJDK 64-Bit Server VM (25.242-b01 mixed mode windows-amd64 compressed oops)
Heap:
 PSYoungGen      total 267264K, used 262543K [0x00000000d5580000, 0x00000000ea700000, 0x0000000100000000)
  eden space 245248K, 100% used [0x00000000d5580000,0x00000000e4500000,0x00000000e4500000)
  from space 22016K, 78% used [0x00000000e4500000,0x00000000e55e3da8,0x00000000e5a80000)
  to   space 24064K, 99% used [0x00000000e8f80000,0x00000000ea6ffaf0,0x00000000ea700000)
 ParOldGen       total 126464K, used 121050K [0x0000000080000000, 0x0000000087b80000, 0x00000000d5580000)
  object space 126464K, 95% used [0x0000000080000000,0x00000000876368a8,0x0000000087b80000)
 Metaspace       used 67647K, capacity 71096K, committed 71336K, reserved 1110016K
  class space    used 9140K, capacity 9834K, committed 9904K, reserved 1048576K
GC Heap History (10 events):
Event: 21.516 GC heap after
Heap after GC invocations=14 (full 2):
 PSYoungGen      total 199680K, used 15465K [0x00000000d5580000, 0x00000000e2c80000, 0x0000000100000000)
  eden space 183296K, 0% used [0x00000000d5580000,0x00000000d5580000,0x00000000e0880000)
  from space 16384K, 94% used [0x00000000e1a80000,0x00000000e299a6b8,0x00000000e2a80000)
  to   space 18432K, 0% used [0x00000000e0880000,0x00000000e0880000,0x00000000e1a80000)
 ParOldGen       total 62464K, used 32479K [0x0000000080000000, 0x0000000083d00000, 0x00000000d5580000)
  object space 62464K, 51% used [0x0000000080000000,0x0000000081fb7cc0,0x0000000083d00000)
 Metaspace       used 54697K, capacity 56740K, committed 56872K, reserved 1097728K
  class space    used 7462K, capacity 7968K, committed 7984K, reserved 1048576K
}
Event: 22.469 GC heap before
{Heap before GC invocations=15 (full 2):
 PSYoungGen      total 199680K, used 50826K [0x00000000d5580000, 0x00000000e2c80000, 0x0000000100000000)
  eden space 183296K, 19% used [0x00000000d5580000,0x00000000d7808200,0x00000000e0880000)
  from space 16384K, 94% used [0x00000000e1a80000,0x00000000e299a6b8,0x00000000e2a80000)
  to   space 18432K, 0% used [0x00000000e0880000,0x00000000e0880000,0x00000000e1a80000)
 ParOldGen       total 62464K, used 32479K [0x0000000080000000, 0x0000000083d00000, 0x00000000d5580000)
  object space 62464K, 51% used [0x0000000080000000,0x0000000081fb7cc0,0x0000000083d00000)
 Metaspace       used 57110K, capacity 59102K, committed 59160K, reserved 1099776K
  class space    used 7852K, capacity 8339K, committed 8368K, reserved 1048576K
Event: 22.510 GC heap after
Heap after GC invocations=15 (full 2):
 PSYoungGen      total 201728K, used 3607K [0x00000000d5580000, 0x00000000e7000000, 0x0000000100000000)
  eden space 183296K, 0% used [0x00000000d5580000,0x00000000d5580000,0x00000000e0880000)
  from space 18432K, 19% used [0x00000000e0880000,0x00000000e0c05f00,0x00000000e1a80000)
  to   space 18432K, 0% used [0x00000000e5e00000,0x00000000e5e00000,0x00000000e7000000)
 ParOldGen       total 62464K, used 41159K [0x0000000080000000, 0x0000000083d00000, 0x00000000d5580000)
  object space 62464K, 65% used [0x0000000080000000,0x0000000082831e18,0x0000000083d00000)
 Metaspace       used 57110K, capacity 59102K, committed 59160K, reserved 1099776K
  class space    used 7852K, capacity 8339K, committed 8368K, reserved 1048576K
}
Event: 22.510 GC heap before
{Heap before GC invocations=16 (full 3):
 PSYoungGen      total 201728K, used 3607K [0x00000000d5580000, 0x00000000e7000000, 0x0000000100000000)
  eden space 183296K, 0% used [0x00000000d5580000,0x00000000d5580000,0x00000000e0880000)
  from space 18432K, 19% used [0x00000000e0880000,0x00000000e0c05f00,0x00000000e1a80000)
  to   space 18432K, 0% used [0x00000000e5e00000,0x00000000e5e00000,0x00000000e7000000)
 ParOldGen       total 62464K, used 41159K [0x0000000080000000, 0x0000000083d00000, 0x00000000d5580000)
  object space 62464K, 65% used [0x0000000080000000,0x0000000082831e18,0x0000000083d00000)
 Metaspace       used 57110K, capacity 59102K, committed 59160K, reserved 1099776K
  class space    used 7852K, capacity 8339K, committed 8368K, reserved 1048576K
Event: 22.861 GC heap after
Heap after GC invocations=16 (full 3):
 PSYoungGen      total 201728K, used 0K [0x00000000d5580000, 0x00000000e7000000, 0x0000000100000000)
  eden space 183296K, 0% used [0x00000000d5580000,0x00000000d5580000,0x00000000e0880000)
  from space 18432K, 0% used [0x00000000e0880000,0x00000000e0880000,0x00000000e1a80000)
  to   space 18432K, 0% used [0x00000000e5e00000,0x00000000e5e00000,0x00000000e7000000)
 ParOldGen       total 99840K, used 35158K [0x0000000080000000, 0x0000000086180000, 0x00000000d5580000)
  object space 99840K, 35% used [0x0000000080000000,0x0000000082255998,0x0000000086180000)
 Metaspace       used 57086K, capacity 59018K, committed 59160K, reserved 1099776K
  class space    used 7845K, capacity 8325K, committed 8368K, reserved 1048576K
}
Event: 27.485 GC heap before
{Heap before GC invocations=17 (full 3):
 PSYoungGen      total 201728K, used 183296K [0x00000000d5580000, 0x00000000e7000000, 0x0000000100000000)
  eden space 183296K, 100% used [0x00000000d5580000,0x00000000e0880000,0x00000000e0880000)
  from space 18432K, 0% used [0x00000000e0880000,0x00000000e0880000,0x00000000e1a80000)
  to   space 18432K, 0% used [0x00000000e5e00000,0x00000000e5e00000,0x00000000e7000000)
 ParOldGen       total 99840K, used 35158K [0x0000000080000000, 0x0000000086180000, 0x00000000d5580000)
  object space 99840K, 35% used [0x0000000080000000,0x0000000082255998,0x0000000086180000)
 Metaspace       used 61888K, capacity 65004K, committed 65320K, reserved 1105920K
  class space    used 8544K, capacity 9190K, committed 9264K, reserved 1048576K
Event: 27.512 GC heap after
Heap after GC invocations=17 (full 3):
 PSYoungGen      total 252928K, used 18421K [0x00000000d5580000, 0x00000000e7000000, 0x0000000100000000)
  eden space 234496K, 0% used [0x00000000d5580000,0x00000000d5580000,0x00000000e3a80000)
  from space 18432K, 99% used [0x00000000e5e00000,0x00000000e6ffd4e0,0x00000000e7000000)
  to   space 22016K, 0% used [0x00000000e4500000,0x00000000e4500000,0x00000000e5a80000)
 ParOldGen       total 99840K, used 37252K [0x0000000080000000, 0x0000000086180000, 0x00000000d5580000)
  object space 99840K, 37% used [0x0000000080000000,0x00000000824610f0,0x0000000086180000)
 Metaspace       used 61888K, capacity 65004K, committed 65320K, reserved 1105920K
  class space    used 8544K, capacity 9190K, committed 9264K, reserved 1048576K
}
Event: 33.720 GC heap before
{Heap before GC invocations=18 (full 3):
 PSYoungGen      total 252928K, used 252917K [0x00000000d5580000, 0x00000000e7000000, 0x0000000100000000)
  eden space 234496K, 100% used [0x00000000d5580000,0x00000000e3a80000,0x00000000e3a80000)
  from space 18432K, 99% used [0x00000000e5e00000,0x00000000e6ffd4e0,0x00000000e7000000)
  to   space 22016K, 0% used [0x00000000e4500000,0x00000000e4500000,0x00000000e5a80000)
 ParOldGen       total 99840K, used 37252K [0x0000000080000000, 0x0000000086180000, 0x00000000d5580000)
  object space 99840K, 37% used [0x0000000080000000,0x00000000824610f0,0x0000000086180000)
 Metaspace       used 64346K, capacity 67586K, committed 67880K, reserved 1107968K
  class space    used 8810K, capacity 9509K, committed 9520K, reserved 1048576K
Event: 33.803 GC heap after
Heap after GC invocations=18 (full 3):
 PSYoungGen      total 267264K, used 17295K [0x00000000d5580000, 0x00000000ea700000, 0x0000000100000000)
  eden space 245248K, 0% used [0x00000000d5580000,0x00000000d5580000,0x00000000e4500000)
  from space 22016K, 78% used [0x00000000e4500000,0x00000000e55e3da8,0x00000000e5a80000)
  to   space 24064K, 0% used [0x00000000e8f80000,0x00000000e8f80000,0x00000000ea700000)
 ParOldGen       total 99840K, used 52348K [0x0000000080000000, 0x0000000086180000, 0x00000000d5580000)
  object space 99840K, 52% used [0x0000000080000000,0x000000008331f1e8,0x0000000086180000)
 Metaspace       used 64346K, capacity 67586K, committed 67880K, reserved 1107968K
  class space    used 8810K, capacity 9509K, committed 9520K, reserved 1048576K
}
Event: 38.621 GC heap before
{Heap before GC invocations=19 (full 3):
 PSYoungGen      total 267264K, used 262543K [0x00000000d5580000, 0x00000000ea700000, 0x0000000100000000)
  eden space 245248K, 100% used [0x00000000d5580000,0x00000000e4500000,0x00000000e4500000)
  from space 22016K, 78% used [0x00000000e4500000,0x00000000e55e3da8,0x00000000e5a80000)
  to   space 24064K, 0% used [0x00000000e8f80000,0x00000000e8f80000,0x00000000ea700000)
 ParOldGen       total 99840K, used 52356K [0x0000000080000000, 0x0000000086180000, 0x00000000d5580000)
  object space 99840K, 52% used [0x0000000080000000,0x00000000833211f8,0x0000000086180000)
 Metaspace       used 67647K, capacity 71096K, committed 71336K, reserved 1110016K
  class space    used 9140K, capacity 9834K, committed 9904K, reserved 1048576K

