# JRE version: OpenJDK Runtime Environment (8.0_242-b01) (build 1.8.0_242-release-1644-b01)
# Java VM: OpenJDK 64-Bit Server VM (25.242-b01 mixed mode windows-amd64 compressed oops)
Heap:
 PSYoungGen      total 278016K, used 22164K [0x00000000d5580000, 0x00000000e7d00000, 0x0000000100000000)
  eden space 259072K, 8% used [0x00000000d5580000,0x00000000d6b251d8,0x00000000e5280000)
  from space 18944K, 0% used [0x00000000e5280000,0x00000000e5280000,0x00000000e6500000)
  to   space 13312K, 0% used [0x00000000e6500000,0x00000000e6500000,0x00000000e7200000)
 ParOldGen       total 57344K, used 38452K [0x0000000080000000, 0x0000000083800000, 0x00000000d5580000)
  object space 57344K, 67% used [0x0000000080000000,0x000000008258d368,0x0000000083800000)
 Metaspace       used 58081K, capacity 60150K, committed 60328K, reserved 1101824K
  class space    used 8002K, capacity 8537K, committed 8624K, reserved 1048576K
GC Heap History (10 events):
Event: 15.993 GC heap before
{Heap before GC invocations=10 (full 1):
 PSYoungGen      total 188416K, used 93542K [0x00000000d5580000, 0x00000000e2680000, 0x0000000100000000)
  eden space 177664K, 46% used [0x00000000d5580000,0x00000000da65f760,0x00000000e0300000)
  from space 10752K, 99% used [0x00000000e1c00000,0x00000000e267a450,0x00000000e2680000)
  to   space 12288K, 0% used [0x00000000e0e80000,0x00000000e0e80000,0x00000000e1a80000)
 ParOldGen       total 39424K, used 7370K [0x0000000080000000, 0x0000000082680000, 0x00000000d5580000)
  object space 39424K, 18% used [0x0000000080000000,0x0000000080732828,0x0000000082680000)
 Metaspace       used 34552K, capacity 35398K, committed 35496K, reserved 1079296K
  class space    used 4739K, capacity 4970K, committed 5040K, reserved 1048576K
Event: 16.016 GC heap after
Heap after GC invocations=10 (full 1):
 PSYoungGen      total 201728K, used 9971K [0x00000000d5580000, 0x00000000e7200000, 0x0000000100000000)
  eden space 189440K, 0% used [0x00000000d5580000,0x00000000d5580000,0x00000000e0e80000)
  from space 12288K, 81% used [0x00000000e0e80000,0x00000000e183cd28,0x00000000e1a80000)
  to   space 13312K, 0% used [0x00000000e6500000,0x00000000e6500000,0x00000000e7200000)
 ParOldGen       total 39424K, used 7378K [0x0000000080000000, 0x0000000082680000, 0x00000000d5580000)
  object space 39424K, 18% used [0x0000000080000000,0x0000000080734828,0x0000000082680000)
 Metaspace       used 34552K, capacity 35398K, committed 35496K, reserved 1079296K
  class space    used 4739K, capacity 4970K, committed 5040K, reserved 1048576K
}
Event: 16.016 GC heap before
{Heap before GC invocations=11 (full 2):
 PSYoungGen      total 201728K, used 9971K [0x00000000d5580000, 0x00000000e7200000, 0x0000000100000000)
  eden space 189440K, 0% used [0x00000000d5580000,0x00000000d5580000,0x00000000e0e80000)
  from space 12288K, 81% used [0x00000000e0e80000,0x00000000e183cd28,0x00000000e1a80000)
  to   space 13312K, 0% used [0x00000000e6500000,0x00000000e6500000,0x00000000e7200000)
 ParOldGen       total 39424K, used 7378K [0x0000000080000000, 0x0000000082680000, 0x00000000d5580000)
  object space 39424K, 18% used [0x0000000080000000,0x0000000080734828,0x0000000082680000)
 Metaspace       used 34552K, capacity 35398K, committed 35496K, reserved 1079296K
  class space    used 4739K, capacity 4970K, committed 5040K, reserved 1048576K
Event: 16.125 GC heap after
Heap after GC invocations=11 (full 2):
 PSYoungGen      total 201728K, used 0K [0x00000000d5580000, 0x00000000e7200000, 0x0000000100000000)
  eden space 189440K, 0% used [0x00000000d5580000,0x00000000d5580000,0x00000000e0e80000)
  from space 12288K, 0% used [0x00000000e0e80000,0x00000000e0e80000,0x00000000e1a80000)
  to   space 13312K, 0% used [0x00000000e6500000,0x00000000e6500000,0x00000000e7200000)
 ParOldGen       total 57344K, used 16437K [0x0000000080000000, 0x0000000083800000, 0x00000000d5580000)
  object space 57344K, 28% used [0x0000000080000000,0x000000008100d580,0x0000000083800000)
 Metaspace       used 34552K, capacity 35398K, committed 35496K, reserved 1079296K
  class space    used 4739K, capacity 4970K, committed 5040K, reserved 1048576K
}
Event: 22.919 GC heap before
{Heap before GC invocations=12 (full 2):
 PSYoungGen      total 201728K, used 189440K [0x00000000d5580000, 0x00000000e7200000, 0x0000000100000000)
  eden space 189440K, 100% used [0x00000000d5580000,0x00000000e0e80000,0x00000000e0e80000)
  from space 12288K, 0% used [0x00000000e0e80000,0x00000000e0e80000,0x00000000e1a80000)
  to   space 13312K, 0% used [0x00000000e6500000,0x00000000e6500000,0x00000000e7200000)
 ParOldGen       total 57344K, used 16437K [0x0000000080000000, 0x0000000083800000, 0x00000000d5580000)
  object space 57344K, 28% used [0x0000000080000000,0x000000008100d580,0x0000000083800000)
 Metaspace       used 49601K, capacity 51176K, committed 51368K, reserved 1093632K
  class space    used 6630K, capacity 7011K, committed 7088K, reserved 1048576K
Event: 22.966 GC heap after
Heap after GC invocations=12 (full 2):
 PSYoungGen      total 272384K, used 13292K [0x00000000d5580000, 0x00000000e7d00000, 0x0000000100000000)
  eden space 259072K, 0% used [0x00000000d5580000,0x00000000d5580000,0x00000000e5280000)
  from space 13312K, 99% used [0x00000000e6500000,0x00000000e71fb310,0x00000000e7200000)
  to   space 18944K, 0% used [0x00000000e5280000,0x00000000e5280000,0x00000000e6500000)
 ParOldGen       total 57344K, used 26639K [0x0000000080000000, 0x0000000083800000, 0x00000000d5580000)
  object space 57344K, 46% used [0x0000000080000000,0x0000000081a03cf0,0x0000000083800000)
 Metaspace       used 49601K, capacity 51176K, committed 51368K, reserved 1093632K
  class space    used 6630K, capacity 7011K, committed 7088K, reserved 1048576K
}
Event: 27.008 GC heap before
{Heap before GC invocations=13 (full 2):
 PSYoungGen      total 272384K, used 139833K [0x00000000d5580000, 0x00000000e7d00000, 0x0000000100000000)
  eden space 259072K, 48% used [0x00000000d5580000,0x00000000dd1134b0,0x00000000e5280000)
  from space 13312K, 99% used [0x00000000e6500000,0x00000000e71fb310,0x00000000e7200000)
  to   space 18944K, 0% used [0x00000000e5280000,0x00000000e5280000,0x00000000e6500000)
 ParOldGen       total 57344K, used 26639K [0x0000000080000000, 0x0000000083800000, 0x00000000d5580000)
  object space 57344K, 46% used [0x0000000080000000,0x0000000081a03cf0,0x0000000083800000)
 Metaspace       used 57031K, capacity 59086K, committed 59160K, reserved 1099776K
  class space    used 7835K, capacity 8337K, committed 8368K, reserved 1048576K
Event: 27.058 GC heap after
Heap after GC invocations=13 (full 2):
 PSYoungGen      total 278016K, used 13203K [0x00000000d5580000, 0x00000000e7d00000, 0x0000000100000000)
  eden space 259072K, 0% used [0x00000000d5580000,0x00000000d5580000,0x00000000e5280000)
  from space 18944K, 69% used [0x00000000e5280000,0x00000000e5f64f28,0x00000000e6500000)
  to   space 13312K, 0% used [0x00000000e6500000,0x00000000e6500000,0x00000000e7200000)
 ParOldGen       total 57344K, used 39762K [0x0000000080000000, 0x0000000083800000, 0x00000000d5580000)
  object space 57344K, 69% used [0x0000000080000000,0x00000000826d4a58,0x0000000083800000)
 Metaspace       used 57031K, capacity 59086K, committed 59160K, reserved 1099776K
  class space    used 7835K, capacity 8337K, committed 8368K, reserved 1048576K
}
Event: 27.058 GC heap before
{Heap before GC invocations=14 (full 3):
 PSYoungGen      total 278016K, used 13203K [0x00000000d5580000, 0x00000000e7d00000, 0x0000000100000000)
  eden space 259072K, 0% used [0x00000000d5580000,0x00000000d5580000,0x00000000e5280000)
  from space 18944K, 69% used [0x00000000e5280000,0x00000000e5f64f28,0x00000000e6500000)
  to   space 13312K, 0% used [0x00000000e6500000,0x00000000e6500000,0x00000000e7200000)
 ParOldGen       total 57344K, used 39762K [0x0000000080000000, 0x0000000083800000, 0x00000000d5580000)
  object space 57344K, 69% used [0x0000000080000000,0x00000000826d4a58,0x0000000083800000)
 Metaspace       used 57031K, capacity 59086K, committed 59160K, reserved 1099776K
  class space    used 7835K, capacity 8337K, committed 8368K, reserved 1048576K
Event: 27.597 GC heap after
Heap after GC invocations=14 (full 3):
 PSYoungGen      total 278016K, used 0K [0x00000000d5580000, 0x00000000e7d00000, 0x0000000100000000)
  eden space 259072K, 0% used [0x00000000d5580000,0x00000000d5580000,0x00000000e5280000)
  from space 18944K, 0% used [0x00000000e5280000,0x00000000e5280000,0x00000000e6500000)
  to   space 13312K, 0% used [0x00000000e6500000,0x00000000e6500000,0x00000000e7200000)
 ParOldGen       total 57344K, used 38452K [0x0000000080000000, 0x0000000083800000, 0x00000000d5580000)
  object space 57344K, 67% used [0x0000000080000000,0x000000008258d368,0x0000000083800000)
 Metaspace       used 57009K, capacity 59014K, committed 59160K, reserved 1099776K
  class space    used 7828K, capacity 8325K, committed 8368K, reserved 1048576K
}

