# JRE version: OpenJDK Runtime Environment (8.0_242-b01) (build 1.8.0_242-release-1644-b01)
# Java VM: OpenJDK 64-Bit Server VM (25.242-b01 mixed mode windows-amd64 compressed oops)
Heap:
 PSYoungGen      total 370176K, used 139149K [0x00000000d5580000, 0x00000000f4100000, 0x0000000100000000)
  eden space 297984K, 46% used [0x00000000d5580000,0x00000000ddd635a8,0x00000000e7880000)
  from space 72192K, 0% used [0x00000000e7880000,0x00000000e7880000,0x00000000ebf00000)
  to   space 74752K, 0% used [0x00000000ef800000,0x00000000ef800000,0x00000000f4100000)
 ParOldGen       total 218112K, used 145878K [0x0000000080000000, 0x000000008d500000, 0x00000000d5580000)
  object space 218112K, 66% used [0x0000000080000000,0x0000000088e75940,0x000000008d500000)
 Metaspace       used 77630K, capacity 80956K, committed 81192K, reserved 1120256K
  class space    used 10479K, capacity 11200K, committed 11312K, reserved 1048576K
GC Heap History (10 events):
Event: 46.993 GC heap before
{Heap before GC invocations=20 (full 3):
 PSYoungGen      total 304640K, used 284321K [0x00000000d5580000, 0x00000000e9e00000, 0x0000000100000000)
  eden space 272384K, 99% used [0x00000000d5580000,0x00000000e5f46810,0x00000000e5f80000)
  from space 32256K, 37% used [0x00000000e7e80000,0x00000000e8a61c08,0x00000000e9e00000)
  to   space 31744K, 0% used [0x00000000e5f80000,0x00000000e5f80000,0x00000000e7e80000)
 ParOldGen       total 106496K, used 76405K [0x0000000080000000, 0x0000000086800000, 0x00000000d5580000)
  object space 106496K, 71% used [0x0000000080000000,0x0000000084a9d698,0x0000000086800000)
 Metaspace       used 70208K, capacity 73386K, committed 73512K, reserved 1112064K
  class space    used 9534K, capacity 10185K, committed 10288K, reserved 1048576K
Event: 47.354 GC heap after
Heap after GC invocations=20 (full 3):
 PSYoungGen      total 304128K, used 31726K [0x00000000d5580000, 0x00000000eed00000, 0x0000000100000000)
  eden space 272384K, 0% used [0x00000000d5580000,0x00000000d5580000,0x00000000e5f80000)
  from space 31744K, 99% used [0x00000000e5f80000,0x00000000e7e7b958,0x00000000e7e80000)
  to   space 47104K, 0% used [0x00000000ebf00000,0x00000000ebf00000,0x00000000eed00000)
 ParOldGen       total 106496K, used 103734K [0x0000000080000000, 0x0000000086800000, 0x00000000d5580000)
  object space 106496K, 97% used [0x0000000080000000,0x000000008654d990,0x0000000086800000)
 Metaspace       used 70208K, capacity 73386K, committed 73512K, reserved 1112064K
  class space    used 9534K, capacity 10185K, committed 10288K, reserved 1048576K
}
Event: 47.358 GC heap before
{Heap before GC invocations=21 (full 4):
 PSYoungGen      total 304128K, used 31726K [0x00000000d5580000, 0x00000000eed00000, 0x0000000100000000)
  eden space 272384K, 0% used [0x00000000d5580000,0x00000000d5580000,0x00000000e5f80000)
  from space 31744K, 99% used [0x00000000e5f80000,0x00000000e7e7b958,0x00000000e7e80000)
  to   space 47104K, 0% used [0x00000000ebf00000,0x00000000ebf00000,0x00000000eed00000)
 ParOldGen       total 106496K, used 103734K [0x0000000080000000, 0x0000000086800000, 0x00000000d5580000)
  object space 106496K, 97% used [0x0000000080000000,0x000000008654d990,0x0000000086800000)
 Metaspace       used 70208K, capacity 73386K, committed 73512K, reserved 1112064K
  class space    used 9534K, capacity 10185K, committed 10288K, reserved 1048576K
Event: 49.899 GC heap after
Heap after GC invocations=21 (full 4):
 PSYoungGen      total 304128K, used 1174K [0x00000000d5580000, 0x00000000eed00000, 0x0000000100000000)
  eden space 272384K, 0% used [0x00000000d5580000,0x00000000d5580000,0x00000000e5f80000)
  from space 31744K, 3% used [0x00000000e5f80000,0x00000000e60a5a00,0x00000000e7e80000)
  to   space 47104K, 0% used [0x00000000ebf00000,0x00000000ebf00000,0x00000000eed00000)
 ParOldGen       total 218112K, used 106271K [0x0000000080000000, 0x000000008d500000, 0x00000000d5580000)
  object space 218112K, 48% used [0x0000000080000000,0x00000000867c7f08,0x000000008d500000)
 Metaspace       used 70046K, capacity 72902K, committed 73512K, reserved 1112064K
  class space    used 9483K, capacity 10095K, committed 10288K, reserved 1048576K
}
Event: 56.156 GC heap before
{Heap before GC invocations=22 (full 4):
 PSYoungGen      total 304128K, used 273558K [0x00000000d5580000, 0x00000000eed00000, 0x0000000100000000)
  eden space 272384K, 100% used [0x00000000d5580000,0x00000000e5f80000,0x00000000e5f80000)
  from space 31744K, 3% used [0x00000000e5f80000,0x00000000e60a5a00,0x00000000e7e80000)
  to   space 47104K, 0% used [0x00000000ebf00000,0x00000000ebf00000,0x00000000eed00000)
 ParOldGen       total 218112K, used 106271K [0x0000000080000000, 0x000000008d500000, 0x00000000d5580000)
  object space 218112K, 48% used [0x0000000080000000,0x00000000867c7f08,0x000000008d500000)
 Metaspace       used 75617K, capacity 78744K, committed 78888K, reserved 1118208K
  class space    used 10303K, capacity 10970K, committed 11056K, reserved 1048576K
Event: 56.698 GC heap after
Heap after GC invocations=22 (full 4):
 PSYoungGen      total 345088K, used 47089K [0x00000000d5580000, 0x00000000f1a80000, 0x0000000100000000)
  eden space 297984K, 0% used [0x00000000d5580000,0x00000000d5580000,0x00000000e7880000)
  from space 47104K, 99% used [0x00000000ebf00000,0x00000000eecfc7f8,0x00000000eed00000)
  to   space 72192K, 0% used [0x00000000e7880000,0x00000000e7880000,0x00000000ebf00000)
 ParOldGen       total 218112K, used 151620K [0x0000000080000000, 0x000000008d500000, 0x00000000d5580000)
  object space 218112K, 69% used [0x0000000080000000,0x0000000089411180,0x000000008d500000)
 Metaspace       used 75617K, capacity 78744K, committed 78888K, reserved 1118208K
  class space    used 10303K, capacity 10970K, committed 11056K, reserved 1048576K
}
Event: 68.711 GC heap before
{Heap before GC invocations=23 (full 4):
 PSYoungGen      total 345088K, used 345073K [0x00000000d5580000, 0x00000000f1a80000, 0x0000000100000000)
  eden space 297984K, 100% used [0x00000000d5580000,0x00000000e7880000,0x00000000e7880000)
  from space 47104K, 99% used [0x00000000ebf00000,0x00000000eecfc7f8,0x00000000eed00000)
  to   space 72192K, 0% used [0x00000000e7880000,0x00000000e7880000,0x00000000ebf00000)
 ParOldGen       total 218112K, used 151620K [0x0000000080000000, 0x000000008d500000, 0x00000000d5580000)
  object space 218112K, 69% used [0x0000000080000000,0x0000000089411180,0x000000008d500000)
 Metaspace       used 76573K, capacity 79980K, committed 80296K, reserved 1118208K
  class space    used 10401K, capacity 11104K, committed 11184K, reserved 1048576K
Event: 69.521 GC heap after
Heap after GC invocations=23 (full 4):
 PSYoungGen      total 370176K, used 44107K [0x00000000d5580000, 0x00000000f4100000, 0x0000000100000000)
  eden space 297984K, 0% used [0x00000000d5580000,0x00000000d5580000,0x00000000e7880000)
  from space 72192K, 61% used [0x00000000e7880000,0x00000000ea392f60,0x00000000ebf00000)
  to   space 74752K, 0% used [0x00000000ef800000,0x00000000ef800000,0x00000000f4100000)
 ParOldGen       total 218112K, used 198821K [0x0000000080000000, 0x000000008d500000, 0x00000000d5580000)
  object space 218112K, 91% used [0x0000000080000000,0x000000008c229738,0x000000008d500000)
 Metaspace       used 76573K, capacity 79980K, committed 80296K, reserved 1118208K
  class space    used 10401K, capacity 11104K, committed 11184K, reserved 1048576K
}
Event: 69.524 GC heap before
{Heap before GC invocations=24 (full 5):
 PSYoungGen      total 370176K, used 44107K [0x00000000d5580000, 0x00000000f4100000, 0x0000000100000000)
  eden space 297984K, 0% used [0x00000000d5580000,0x00000000d5580000,0x00000000e7880000)
  from space 72192K, 61% used [0x00000000e7880000,0x00000000ea392f60,0x00000000ebf00000)
  to   space 74752K, 0% used [0x00000000ef800000,0x00000000ef800000,0x00000000f4100000)
 ParOldGen       total 218112K, used 198821K [0x0000000080000000, 0x000000008d500000, 0x00000000d5580000)
  object space 218112K, 91% used [0x0000000080000000,0x000000008c229738,0x000000008d500000)
 Metaspace       used 76573K, capacity 79980K, committed 80296K, reserved 1118208K
  class space    used 10401K, capacity 11104K, committed 11184K, reserved 1048576K
Event: 73.642 GC heap after
Heap after GC invocations=24 (full 5):
 PSYoungGen      total 370176K, used 0K [0x00000000d5580000, 0x00000000f4100000, 0x0000000100000000)
  eden space 297984K, 0% used [0x00000000d5580000,0x00000000d5580000,0x00000000e7880000)
  from space 72192K, 0% used [0x00000000e7880000,0x00000000e7880000,0x00000000ebf00000)
  to   space 74752K, 0% used [0x00000000ef800000,0x00000000ef800000,0x00000000f4100000)
 ParOldGen       total 218112K, used 145878K [0x0000000080000000, 0x000000008d500000, 0x00000000d5580000)
  object space 218112K, 66% used [0x0000000080000000,0x0000000088e75940,0x000000008d500000)
 Metaspace       used 76521K, capacity 79846K, committed 80296K, reserved 1118208K
  class space    used 10382K, capacity 11069K, committed 11184K, reserved 1048576K
}

