# JRE version: OpenJDK Runtime Environment (8.0_242-b01) (build 1.8.0_242-release-1644-b01)
# Java VM: OpenJDK 64-Bit Server VM (25.242-b01 mixed mode windows-amd64 compressed oops)
Heap:
 PSYoungGen      total 56320K, used 7164K [0x00000000d5580000, 0x00000000d9580000, 0x0000000100000000)
  eden space 48640K, 1% used [0x00000000d5580000,0x00000000d56250c0,0x00000000d8500000)
  from space 7680K, 84% used [0x00000000d8d00000,0x00000000d935a288,0x00000000d9480000)
  to   space 8192K, 0% used [0x00000000d8500000,0x00000000d8500000,0x00000000d8d00000)
 ParOldGen       total 65536K, used 4396K [0x0000000080000000, 0x0000000084000000, 0x00000000d5580000)
  object space 65536K, 6% used [0x0000000080000000,0x000000008044b170,0x0000000084000000)
 Metaspace       used 16375K, capacity 16904K, committed 17024K, reserved 1064960K
  class space    used 2215K, capacity 2392K, committed 2432K, reserved 1048576K
GC Heap History (10 events):
Event: 2.193 GC heap before
{Heap before GC invocations=2 (full 0):
 PSYoungGen      total 28672K, used 28177K [0x00000000d5580000, 0x00000000d7580000, 0x0000000100000000)
  eden space 24576K, 100% used [0x00000000d5580000,0x00000000d6d80000,0x00000000d6d80000)
  from space 4096K, 87% used [0x00000000d6d80000,0x00000000d7104530,0x00000000d7180000)
  to   space 4096K, 0% used [0x00000000d7180000,0x00000000d7180000,0x00000000d7580000)
 ParOldGen       total 65536K, used 16K [0x0000000080000000, 0x0000000084000000, 0x00000000d5580000)
  object space 65536K, 0% used [0x0000000080000000,0x0000000080004000,0x0000000084000000)
 Metaspace       used 7541K, capacity 7760K, committed 8064K, reserved 1056768K
  class space    used 922K, capacity 1032K, committed 1152K, reserved 1048576K
Event: 2.201 GC heap after
Heap after GC invocations=2 (full 0):
 PSYoungGen      total 28672K, used 3034K [0x00000000d5580000, 0x00000000d7580000, 0x0000000100000000)
  eden space 24576K, 0% used [0x00000000d5580000,0x00000000d5580000,0x00000000d6d80000)
  from space 4096K, 74% used [0x00000000d7180000,0x00000000d7476960,0x00000000d7580000)
  to   space 4096K, 0% used [0x00000000d6d80000,0x00000000d6d80000,0x00000000d7180000)
 ParOldGen       total 65536K, used 24K [0x0000000080000000, 0x0000000084000000, 0x00000000d5580000)
  object space 65536K, 0% used [0x0000000080000000,0x0000000080006000,0x0000000084000000)
 Metaspace       used 7541K, capacity 7760K, committed 8064K, reserved 1056768K
  class space    used 922K, capacity 1032K, committed 1152K, reserved 1048576K
}
Event: 2.713 GC heap before
{Heap before GC invocations=3 (full 0):
 PSYoungGen      total 28672K, used 27610K [0x00000000d5580000, 0x00000000d7580000, 0x0000000100000000)
  eden space 24576K, 100% used [0x00000000d5580000,0x00000000d6d80000,0x00000000d6d80000)
  from space 4096K, 74% used [0x00000000d7180000,0x00000000d7476960,0x00000000d7580000)
  to   space 4096K, 0% used [0x00000000d6d80000,0x00000000d6d80000,0x00000000d7180000)
 ParOldGen       total 65536K, used 24K [0x0000000080000000, 0x0000000084000000, 0x00000000d5580000)
  object space 65536K, 0% used [0x0000000080000000,0x0000000080006000,0x0000000084000000)
 Metaspace       used 7954K, capacity 8168K, committed 8320K, reserved 1056768K
  class space    used 1003K, capacity 1104K, committed 1152K, reserved 1048576K
Event: 2.719 GC heap after
Heap after GC invocations=3 (full 0):
 PSYoungGen      total 28672K, used 3825K [0x00000000d5580000, 0x00000000d7580000, 0x0000000100000000)
  eden space 24576K, 0% used [0x00000000d5580000,0x00000000d5580000,0x00000000d6d80000)
  from space 4096K, 93% used [0x00000000d6d80000,0x00000000d713c568,0x00000000d7180000)
  to   space 4096K, 0% used [0x00000000d7180000,0x00000000d7180000,0x00000000d7580000)
 ParOldGen       total 65536K, used 32K [0x0000000080000000, 0x0000000084000000, 0x00000000d5580000)
  object space 65536K, 0% used [0x0000000080000000,0x0000000080008000,0x0000000084000000)
 Metaspace       used 7954K, capacity 8168K, committed 8320K, reserved 1056768K
  class space    used 1003K, capacity 1104K, committed 1152K, reserved 1048576K
}
Event: 5.155 GC heap before
{Heap before GC invocations=4 (full 0):
 PSYoungGen      total 28672K, used 28401K [0x00000000d5580000, 0x00000000d7580000, 0x0000000100000000)
  eden space 24576K, 100% used [0x00000000d5580000,0x00000000d6d80000,0x00000000d6d80000)
  from space 4096K, 93% used [0x00000000d6d80000,0x00000000d713c568,0x00000000d7180000)
  to   space 4096K, 0% used [0x00000000d7180000,0x00000000d7180000,0x00000000d7580000)
 ParOldGen       total 65536K, used 32K [0x0000000080000000, 0x0000000084000000, 0x00000000d5580000)
  object space 65536K, 0% used [0x0000000080000000,0x0000000080008000,0x0000000084000000)
 Metaspace       used 12126K, capacity 12420K, committed 12544K, reserved 1060864K
  class space    used 1616K, capacity 1730K, committed 1792K, reserved 1048576K
Event: 5.164 GC heap after
Heap after GC invocations=4 (full 0):
 PSYoungGen      total 28672K, used 4096K [0x00000000d5580000, 0x00000000d7580000, 0x0000000100000000)
  eden space 24576K, 0% used [0x00000000d5580000,0x00000000d5580000,0x00000000d6d80000)
  from space 4096K, 100% used [0x00000000d7180000,0x00000000d7580000,0x00000000d7580000)
  to   space 4096K, 0% used [0x00000000d6d80000,0x00000000d6d80000,0x00000000d7180000)
 ParOldGen       total 65536K, used 1918K [0x0000000080000000, 0x0000000084000000, 0x00000000d5580000)
  object space 65536K, 2% used [0x0000000080000000,0x00000000801df9f8,0x0000000084000000)
 Metaspace       used 12126K, capacity 12420K, committed 12544K, reserved 1060864K
  class space    used 1616K, capacity 1730K, committed 1792K, reserved 1048576K
}
Event: 5.718 GC heap before
{Heap before GC invocations=5 (full 0):
 PSYoungGen      total 28672K, used 28649K [0x00000000d5580000, 0x00000000d7580000, 0x0000000100000000)
  eden space 24576K, 99% used [0x00000000d5580000,0x00000000d6d7a518,0x00000000d6d80000)
  from space 4096K, 100% used [0x00000000d7180000,0x00000000d7580000,0x00000000d7580000)
  to   space 4096K, 0% used [0x00000000d6d80000,0x00000000d6d80000,0x00000000d7180000)
 ParOldGen       total 65536K, used 1918K [0x0000000080000000, 0x0000000084000000, 0x00000000d5580000)
  object space 65536K, 2% used [0x0000000080000000,0x00000000801df9f8,0x0000000084000000)
 Metaspace       used 14024K, capacity 14470K, committed 14720K, reserved 1062912K
  class space    used 1931K, capacity 2089K, committed 2176K, reserved 1048576K
Event: 5.729 GC heap after
Heap after GC invocations=5 (full 0):
 PSYoungGen      total 28672K, used 4079K [0x00000000d5580000, 0x00000000d9480000, 0x0000000100000000)
  eden space 24576K, 0% used [0x00000000d5580000,0x00000000d5580000,0x00000000d6d80000)
  from space 4096K, 99% used [0x00000000d6d80000,0x00000000d717bc20,0x00000000d7180000)
  to   space 7680K, 0% used [0x00000000d8d00000,0x00000000d8d00000,0x00000000d9480000)
 ParOldGen       total 65536K, used 4388K [0x0000000080000000, 0x0000000084000000, 0x00000000d5580000)
  object space 65536K, 6% used [0x0000000080000000,0x0000000080449170,0x0000000084000000)
 Metaspace       used 14024K, capacity 14470K, committed 14720K, reserved 1062912K
  class space    used 1931K, capacity 2089K, committed 2176K, reserved 1048576K
}
Event: 6.639 GC heap before
{Heap before GC invocations=6 (full 0):
 PSYoungGen      total 28672K, used 28655K [0x00000000d5580000, 0x00000000d9480000, 0x0000000100000000)
  eden space 24576K, 100% used [0x00000000d5580000,0x00000000d6d80000,0x00000000d6d80000)
  from space 4096K, 99% used [0x00000000d6d80000,0x00000000d717bc20,0x00000000d7180000)
  to   space 7680K, 0% used [0x00000000d8d00000,0x00000000d8d00000,0x00000000d9480000)
 ParOldGen       total 65536K, used 4388K [0x0000000080000000, 0x0000000084000000, 0x00000000d5580000)
  object space 65536K, 6% used [0x0000000080000000,0x0000000080449170,0x0000000084000000)
 Metaspace       used 16284K, capacity 16830K, committed 17024K, reserved 1064960K
  class space    used 2202K, capacity 2389K, committed 2432K, reserved 1048576K
Event: 6.657 GC heap after
Heap after GC invocations=6 (full 0):
 PSYoungGen      total 56320K, used 6504K [0x00000000d5580000, 0x00000000d9580000, 0x0000000100000000)
  eden space 48640K, 0% used [0x00000000d5580000,0x00000000d5580000,0x00000000d8500000)
  from space 7680K, 84% used [0x00000000d8d00000,0x00000000d935a288,0x00000000d9480000)
  to   space 8192K, 0% used [0x00000000d8500000,0x00000000d8500000,0x00000000d8d00000)
 ParOldGen       total 65536K, used 4396K [0x0000000080000000, 0x0000000084000000, 0x00000000d5580000)
  object space 65536K, 6% used [0x0000000080000000,0x000000008044b170,0x0000000084000000)
 Metaspace       used 16284K, capacity 16830K, committed 17024K, reserved 1064960K
  class space    used 2202K, capacity 2389K, committed 2432K, reserved 1048576K
}

