# JRE version: OpenJDK Runtime Environment (8.0_242-b01) (build 1.8.0_242-release-1644-b01)
# Java VM: OpenJDK 64-Bit Server VM (25.242-b01 mixed mode windows-amd64 compressed oops)
Heap:
 PSYoungGen      total 521728K, used 336745K [0x00000000d5580000, 0x00000000fab00000, 0x0000000100000000)
  eden space 431616K, 78% used [0x00000000d5580000,0x00000000e9e5a738,0x00000000efb00000)
  from space 90112K, 0% used [0x00000000efb00000,0x00000000efb00000,0x00000000f5300000)
  to   space 87552K, 0% used [0x00000000f5580000,0x00000000f5580000,0x00000000fab00000)
 ParOldGen       total 235008K, used 193064K [0x0000000080000000, 0x000000008e580000, 0x00000000d5580000)
  object space 235008K, 82% used [0x0000000080000000,0x000000008bc8a0e8,0x000000008e580000)
 Metaspace       used 111308K, capacity 115318K, committed 117032K, reserved 1150976K
  class space    used 14041K, capacity 14822K, committed 15152K, reserved 1048576K
GC Heap History (10 events):
Event: 2359.772 GC heap before
{Heap before GC invocations=27 (full 5):
 PSYoungGen      total 455168K, used 389695K [0x00000000d5580000, 0x00000000f9880000, 0x0000000100000000)
  eden space 352768K, 100% used [0x00000000d5580000,0x00000000eae00000,0x00000000eae00000)
  from space 102400K, 36% used [0x00000000eae00000,0x00000000ed20fda8,0x00000000f1200000)
  to   space 96256K, 0% used [0x00000000f3a80000,0x00000000f3a80000,0x00000000f9880000)
 ParOldGen       total 231424K, used 167537K [0x0000000080000000, 0x000000008e200000, 0x00000000d5580000)
  object space 231424K, 72% used [0x0000000080000000,0x000000008a39c608,0x000000008e200000)
 Metaspace       used 101456K, capacity 105784K, committed 106152K, reserved 1140736K
  class space    used 13070K, capacity 13918K, committed 14000K, reserved 1048576K
Event: 2360.601 GC heap after
Heap after GC invocations=27 (full 5):
 PSYoungGen      total 482304K, used 55999K [0x00000000d5580000, 0x00000000f9300000, 0x0000000100000000)
  eden space 391680K, 0% used [0x00000000d5580000,0x00000000d5580000,0x00000000ed400000)
  from space 90624K, 61% used [0x00000000f3a80000,0x00000000f712fcd0,0x00000000f9300000)
  to   space 97792K, 0% used [0x00000000ed400000,0x00000000ed400000,0x00000000f3380000)
 ParOldGen       total 231424K, used 167545K [0x0000000080000000, 0x000000008e200000, 0x00000000d5580000)
  object space 231424K, 72% used [0x0000000080000000,0x000000008a39e608,0x000000008e200000)
 Metaspace       used 101456K, capacity 105784K, committed 106152K, reserved 1140736K
  class space    used 13070K, capacity 13918K, committed 14000K, reserved 1048576K
}
Event: 2377.332 GC heap before
{Heap before GC invocations=28 (full 5):
 PSYoungGen      total 482304K, used 447679K [0x00000000d5580000, 0x00000000f9300000, 0x0000000100000000)
  eden space 391680K, 100% used [0x00000000d5580000,0x00000000ed400000,0x00000000ed400000)
  from space 90624K, 61% used [0x00000000f3a80000,0x00000000f712fcd0,0x00000000f9300000)
  to   space 97792K, 0% used [0x00000000ed400000,0x00000000ed400000,0x00000000f3380000)
 ParOldGen       total 231424K, used 167545K [0x0000000080000000, 0x000000008e200000, 0x00000000d5580000)
  object space 231424K, 72% used [0x0000000080000000,0x000000008a39e608,0x000000008e200000)
 Metaspace       used 105233K, capacity 109610K, committed 109992K, reserved 1144832K
  class space    used 13484K, capacity 14371K, committed 14512K, reserved 1048576K
Event: 2377.568 GC heap after
Heap after GC invocations=28 (full 5):
 PSYoungGen      total 489472K, used 35819K [0x00000000d5580000, 0x00000000faf80000, 0x0000000100000000)
  eden space 391680K, 0% used [0x00000000d5580000,0x00000000d5580000,0x00000000ed400000)
  from space 97792K, 36% used [0x00000000ed400000,0x00000000ef6facf8,0x00000000f3380000)
  to   space 92160K, 0% used [0x00000000f5580000,0x00000000f5580000,0x00000000faf80000)
 ParOldGen       total 231424K, used 167553K [0x0000000080000000, 0x000000008e200000, 0x00000000d5580000)
  object space 231424K, 72% used [0x0000000080000000,0x000000008a3a0608,0x000000008e200000)
 Metaspace       used 105233K, capacity 109610K, committed 109992K, reserved 1144832K
  class space    used 13484K, capacity 14371K, committed 14512K, reserved 1048576K
}
Event: 2385.061 GC heap before
{Heap before GC invocations=29 (full 5):
 PSYoungGen      total 489472K, used 427499K [0x00000000d5580000, 0x00000000faf80000, 0x0000000100000000)
  eden space 391680K, 100% used [0x00000000d5580000,0x00000000ed400000,0x00000000ed400000)
  from space 97792K, 36% used [0x00000000ed400000,0x00000000ef6facf8,0x00000000f3380000)
  to   space 92160K, 0% used [0x00000000f5580000,0x00000000f5580000,0x00000000faf80000)
 ParOldGen       total 231424K, used 167553K [0x0000000080000000, 0x000000008e200000, 0x00000000d5580000)
  object space 231424K, 72% used [0x0000000080000000,0x000000008a3a0608,0x000000008e200000)
 Metaspace       used 112186K, capacity 116670K, committed 116776K, reserved 1150976K
  class space    used 14242K, capacity 15137K, committed 15152K, reserved 1048576K
Event: 2385.196 GC heap after
Heap after GC invocations=29 (full 5):
 PSYoungGen      total 519168K, used 46488K [0x00000000d5580000, 0x00000000fab00000, 0x0000000100000000)
  eden space 431616K, 0% used [0x00000000d5580000,0x00000000d5580000,0x00000000efb00000)
  from space 87552K, 53% used [0x00000000f5580000,0x00000000f82e6148,0x00000000fab00000)
  to   space 90112K, 0% used [0x00000000efb00000,0x00000000efb00000,0x00000000f5300000)
 ParOldGen       total 231424K, used 167561K [0x0000000080000000, 0x000000008e200000, 0x00000000d5580000)
  object space 231424K, 72% used [0x0000000080000000,0x000000008a3a2608,0x000000008e200000)
 Metaspace       used 112186K, capacity 116670K, committed 116776K, reserved 1150976K
  class space    used 14242K, capacity 15137K, committed 15152K, reserved 1048576K
}
Event: 2387.809 GC heap before
{Heap before GC invocations=30 (full 5):
 PSYoungGen      total 519168K, used 478104K [0x00000000d5580000, 0x00000000fab00000, 0x0000000100000000)
  eden space 431616K, 100% used [0x00000000d5580000,0x00000000efb00000,0x00000000efb00000)
  from space 87552K, 53% used [0x00000000f5580000,0x00000000f82e6148,0x00000000fab00000)
  to   space 90112K, 0% used [0x00000000efb00000,0x00000000efb00000,0x00000000f5300000)
 ParOldGen       total 231424K, used 167561K [0x0000000080000000, 0x000000008e200000, 0x00000000d5580000)
  object space 231424K, 72% used [0x0000000080000000,0x000000008a3a2608,0x000000008e200000)
 Metaspace       used 112285K, capacity 116780K, committed 117032K, reserved 1150976K
  class space    used 14245K, capacity 15142K, committed 15152K, reserved 1048576K
Event: 2388.272 GC heap after
Heap after GC invocations=30 (full 5):
 PSYoungGen      total 521728K, used 90101K [0x00000000d5580000, 0x00000000fab00000, 0x0000000100000000)
  eden space 431616K, 0% used [0x00000000d5580000,0x00000000d5580000,0x00000000efb00000)
  from space 90112K, 99% used [0x00000000efb00000,0x00000000f52fd400,0x00000000f5300000)
  to   space 87552K, 0% used [0x00000000f5580000,0x00000000f5580000,0x00000000fab00000)
 ParOldGen       total 235008K, used 234373K [0x0000000080000000, 0x000000008e580000, 0x00000000d5580000)
  object space 235008K, 99% used [0x0000000080000000,0x000000008e4e14f0,0x000000008e580000)
 Metaspace       used 112285K, capacity 116780K, committed 117032K, reserved 1150976K
  class space    used 14245K, capacity 15142K, committed 15152K, reserved 1048576K
}
Event: 2388.272 GC heap before
{Heap before GC invocations=31 (full 6):
 PSYoungGen      total 521728K, used 90101K [0x00000000d5580000, 0x00000000fab00000, 0x0000000100000000)
  eden space 431616K, 0% used [0x00000000d5580000,0x00000000d5580000,0x00000000efb00000)
  from space 90112K, 99% used [0x00000000efb00000,0x00000000f52fd400,0x00000000f5300000)
  to   space 87552K, 0% used [0x00000000f5580000,0x00000000f5580000,0x00000000fab00000)
 ParOldGen       total 235008K, used 234373K [0x0000000080000000, 0x000000008e580000, 0x00000000d5580000)
  object space 235008K, 99% used [0x0000000080000000,0x000000008e4e14f0,0x000000008e580000)
 Metaspace       used 112285K, capacity 116780K, committed 117032K, reserved 1150976K
  class space    used 14245K, capacity 15142K, committed 15152K, reserved 1048576K
Event: 2390.846 GC heap after
Heap after GC invocations=31 (full 6):
 PSYoungGen      total 521728K, used 0K [0x00000000d5580000, 0x00000000fab00000, 0x0000000100000000)
  eden space 431616K, 0% used [0x00000000d5580000,0x00000000d5580000,0x00000000efb00000)
  from space 90112K, 0% used [0x00000000efb00000,0x00000000efb00000,0x00000000f5300000)
  to   space 87552K, 0% used [0x00000000f5580000,0x00000000f5580000,0x00000000fab00000)
 ParOldGen       total 235008K, used 193064K [0x0000000080000000, 0x000000008e580000, 0x00000000d5580000)
  object space 235008K, 82% used [0x0000000080000000,0x000000008bc8a0e8,0x000000008e580000)
 Metaspace       used 111197K, capacity 115216K, committed 117032K, reserved 1150976K
  class space    used 14039K, capacity 14819K, committed 15152K, reserved 1048576K
}

